[+] Containers:
 |- [+] Container: /Game/ThirdPerson/Maps/ThirdPersonMap
 |   |- [+] ActorDescs:
 |   |   |- Guid:017394CF45B3BF2BCF7AB382975F2606 BaseClass: NativeClass:/Script/Engine.StaticMeshActor Name:StaticMeshActor_39 Label:SM_Ramp2 SpatiallyLoaded:1 Bounds:IsValid=true, Min=(X=1400.000 Y=1500.000 Z=0.000), Max=(X=1800.000 Y=1700.000 Z=100.000) RuntimeGrid:None EditorOnly:0 RuntimeOnly:0 HLODRelevant:1 FolderPath:Block01 FolderGuid:98087B8444A89373CC4763B3845E270A
 |   |   |- Guid:0832388F41E3F8B306DF278216A3DF88 BaseClass:/Game/ThirdPerson/Blueprints/Equipamiento/Zona_Colocacion_4.Zona_Colocacion_4_C NativeClass:/Script/Engine.Actor Name:Zona_Colocacion_4_C_UAID_842AFD18CF5B2CEC01_1508758119 Label:Zona_Colocacion_4 SpatiallyLoaded:1 Bounds:IsValid=true, Min=(X=-329.418 Y=1038.197 Z=17.771), Max=(X=-211.418 Y=1126.961 Z=240.171) RuntimeGrid:None EditorOnly:0 RuntimeOnly:0 HLODRelevant:0
 |   |   |- Guid:086BBEB445F7D999CF69AFB0B363ADE6 BaseClass: NativeClass:/Script/Engine.StaticMeshActor Name:StaticMeshActor_UAID_FC3497BF4011F7DE01_1734871063 Label:Mirror_06 SpatiallyLoaded:1 Bounds:IsValid=true, Min=(X=3261.488 Y=2105.714 Z=-0.029), Max=(X=3378.515 Y=2165.257 Z=314.410) RuntimeGrid:None EditorOnly:0 RuntimeOnly:0 HLODRelevant:1
 |   |   |- Guid:0870CC704F80A8D5DF802EAC5E048723 BaseClass: NativeClass:/Script/Engine.StaticMeshActor Name:StaticMeshActor_45 Label:SM_Cube8 SpatiallyLoaded:1 Bounds:IsValid=true, Min=(X=1300.000 Y=2600.000 Z=0.000), Max=(X=2500.000 Y=2900.000 Z=200.000) RuntimeGrid:None EditorOnly:0 RuntimeOnly:0 HLODRelevant:1 FolderPath:Block02 FolderGuid:5DDF0B274F9C8B2C5DABA1999B167516
 |   |   |- Guid:0ACF7F30451B6DFE515F329701BAF4E0 BaseClass:/Game/AI_Advanced/Objects/Objeto_Interactuable.Objeto_Interactuable_C NativeClass:/Script/Engine.Actor Name:Objeto_Interactuable_C_UAID_FC3497BF401130E101_1559787207 Label:Objeto_Interactuable2 SpatiallyLoaded:1 Bounds:IsValid=true, Min=(X=3789.945 Y=2383.427 Z=-9.381), Max=(X=4113.945 Y=9693.369 Z=226.017) RuntimeGrid:None EditorOnly:0 RuntimeOnly:0 HLODRelevant:0
 |   |   |- Guid:0CEC348B4B3FDBB3C406E48B114B69BA BaseClass:/Game/ThirdPerson/Blueprints/Equipamiento/Objecto_3.Objecto_3_C NativeClass:/Script/Engine.Actor Name:Objecto_3_C_UAID_842AFD18CF5B26EC01_1499124064 Label:Objecto_3 SpatiallyLoaded:1 Bounds:IsValid=true, Min=(X=924.764 Y=1237.493 Z=25.935), Max=(X=1001.884 Y=1348.018 Z=103.055) RuntimeGrid:None EditorOnly:0 RuntimeOnly:0 HLODRelevant:0
 |   |   |- Guid:129A98C441CDB5EC8A01E68EA2A36CF3 BaseClass:/Game/AI_Advanced/Objects/Interruptor.Interruptor_C NativeClass:/Script/Engine.Actor Name:Interruptor_C_UAID_FC3497BF40115CE301_1474276064 Label:Interruptor SpatiallyLoaded:1 Bounds:IsValid=true, Min=(X=-146.829 Y=3627.474 Z=22.006), Max=(X=-82.829 Y=3691.474 Z=218.006) RuntimeGrid:None EditorOnly:0 RuntimeOnly:0 HLODRelevant:0
 |   |   |- Guid:174DF71143EA367D14F3838C26CC06DF BaseClass: NativeClass:/Script/Engine.SkyLight Name:SkyLight_0 Label:SkyLight SpatiallyLoaded:0 Bounds:IsValid=true, Min=(X=0.000 Y=0.000 Z=690.000), Max=(X=0.000 Y=0.000 Z=690.000) RuntimeGrid:None EditorOnly:0 RuntimeOnly:0 HLODRelevant:0 FolderPath:Lighting FolderGuid:08A10B054C95868C663DE39EE4343813
 |   |   |- Guid:1761F83A405F417BCF08B2953E8CA076 BaseClass:/Game/ThirdPerson/Blueprints/Equipamiento/Zona_Colocacion_2.Zona_Colocacion_2_C NativeClass:/Script/Engine.Actor Name:Zona_Colocacion_2_C_UAID_842AFD18CF5B09DF01_1631000232 Label:Zona_Colocacion_2 SpatiallyLoaded:1 Bounds:IsValid=true, Min=(X=94.548 Y=1061.400 Z=23.808), Max=(X=212.548 Y=1150.164 Z=246.208) RuntimeGrid:None EditorOnly:0 RuntimeOnly:0 HLODRelevant:0
 |   |   |- Guid:22043D904138D0E50DB05FB74FCA2289 BaseClass: NativeClass:/Script/Engine.StaticMeshActor Name:StaticMeshActor_60 Label:SM_QuarterCylinder13 SpatiallyLoaded:1 Bounds:IsValid=true, Min=(X=2000.000 Y=500.000 Z=0.000), Max=(X=2200.000 Y=700.000 Z=100.000) RuntimeGrid:None EditorOnly:0 RuntimeOnly:0 HLODRelevant:1 FolderPath:Cylinder FolderGuid:ECA4956E419DA4E5BAB7F389537BCB14
 |   |   |- Guid:22D455054895C810465C8BAF8BD7EFA6 BaseClass:/Game/AI_Advanced/Objects/Mirror/Mirror.Mirror_C NativeClass:/Script/Engine.Actor Name:Mirror_C_UAID_480FCF35BA212DDF01_1828915567 Label:Mirror SpatiallyLoaded:1 Bounds:IsValid=true, Min=(X=-151231.926 Y=1100.375 Z=-39.897), Max=(X=3241300.032 Y=1540.376 Z=462.697) RuntimeGrid:None EditorOnly:0 RuntimeOnly:0 HLODRelevant:0
 |   |   |- Guid:2359155244A3AAEBCEAF2A9B648A00AD BaseClass:/Game/ThirdPerson/Blueprints/Equipamiento/PuzlePrueba.PuzlePrueba_C NativeClass:/Script/Engine.Actor Name:PuzlePrueba_C_UAID_842AFD18CF5BB4D601_1137648827 Label:PuzlePrueba SpatiallyLoaded:1 Bounds:IsValid=true, Min=(X=750.740 Y=-57.848 Z=2.471), Max=(X=850.740 Y=6.152 Z=228.380) RuntimeGrid:None EditorOnly:0 RuntimeOnly:0 HLODRelevant:1
 |   |   |- Guid:243A2084428544D88534E990D8BA5B83 BaseClass: NativeClass:/Script/Engine.StaticMeshActor Name:StaticMeshActor_38 Label:SM_Cube4 SpatiallyLoaded:1 Bounds:IsValid=true, Min=(X=1200.000 Y=1700.000 Z=0.000), Max=(X=1800.000 Y=2200.000 Z=200.000) RuntimeGrid:None EditorOnly:0 RuntimeOnly:0 HLODRelevant:1 FolderPath:Block01 FolderGuid:98087B8444A89373CC4763B3845E270A
 |   |   |- Guid:2CB7A8044242457B47EB0E84C46F8161 BaseClass:/Game/ThirdPerson/Blueprints/Equipamiento/Zona_Colocacion.Zona_Colocacion_C NativeClass:/Script/Engine.Actor Name:Zona_Colocacion_C_UAID_842AFD18CF5BD4D601_1608882456 Label:Zona_Colocacion_1 SpatiallyLoaded:1 Bounds:IsValid=true, Min=(X=307.000 Y=1061.400 Z=23.808), Max=(X=425.000 Y=1150.164 Z=246.208) RuntimeGrid:None EditorOnly:0 RuntimeOnly:0 HLODRelevant:0
 |   |   |- Guid:2D30A9C0449226C9094BE8B70C5F55A5 BaseClass:/Game/Chekpoint/Chekpoint.Chekpoint_C NativeClass:/Script/Engine.Actor Name:Chekpoint_C_UAID_842AFD18CF5B3FC501_2100429279 Label:Chekpoint2 SpatiallyLoaded:1 Bounds:IsValid=true, Min=(X=1288.395 Y=2628.395 Z=128.395), Max=(X=1471.605 Y=2811.605 Z=400.918) RuntimeGrid:None EditorOnly:0 RuntimeOnly:0 HLODRelevant:0
 |   |   |- Guid:3E0D0C7A4D8FFA7CE31DB8AA2B2D1292 BaseClass: NativeClass:/Script/Engine.StaticMeshActor Name:StaticMeshActor_57 Label:SM_QuarterCylinder6 SpatiallyLoaded:1 Bounds:IsValid=true, Min=(X=1200.000 Y=2200.000 Z=0.000), Max=(X=1300.000 Y=2300.000 Z=200.000) RuntimeGrid:None EditorOnly:0 RuntimeOnly:0 HLODRelevant:1 FolderPath:Block01 FolderGuid:98087B8444A89373CC4763B3845E270A
 |   |   |- Guid:4B67CB22406A4776F6FC78BED35ABA22 BaseClass:/Game/ThirdPerson/Blueprints/Equipamiento/Llave.Llave_C NativeClass:/Script/Engine.Actor Name:Llave_C_UAID_842AFD18CF5B16DD01_1983642407 Label:Llave SpatiallyLoaded:1 Bounds:IsValid=true, Min=(X=1449.305 Y=399.707 Z=52.520), Max=(X=1526.425 Y=476.827 Z=129.640) RuntimeGrid:None EditorOnly:0 RuntimeOnly:0 HLODRelevant:0
 |   |   |- Guid:4F30F72E4264B47FCE6AAB96DACD663F BaseClass:/Game/AI_Advanced/Objects/Interruptor.Interruptor_C NativeClass:/Script/Engine.Actor Name:Interruptor_C_UAID_FC3497BF40115CE301_1494388066 Label:Interruptor3 SpatiallyLoaded:1 Bounds:IsValid=true, Min=(X=39.744 Y=3627.474 Z=22.006), Max=(X=103.744 Y=3691.474 Z=218.006) RuntimeGrid:None EditorOnly:0 RuntimeOnly:0 HLODRelevant:0
 |   |   |- Guid:4F7B735A44E12B4B031927A9FC21C460 BaseClass: NativeClass:/Script/Engine.VolumetricCloud Name:VolumetricCloud_1 Label:VolumetricCloud SpatiallyLoaded:0 Bounds:IsValid=true, Min=(X=0.000 Y=0.000 Z=820.000), Max=(X=0.000 Y=0.000 Z=820.000) RuntimeGrid:None EditorOnly:0 RuntimeOnly:0 HLODRelevant:0 FolderPath:Lighting FolderGuid:08A10B054C95868C663DE39EE4343813
 |   |   |- Guid:55BB2E2F4AFA453E1F1285A3ADC7186D BaseClass: NativeClass:/Script/Engine.StaticMeshActor Name:StaticMeshActor_58 Label:SM_QuarterCylinder11 SpatiallyLoaded:1 Bounds:IsValid=true, Min=(X=2200.000 Y=700.000 Z=0.000), Max=(X=2400.000 Y=900.000 Z=100.000) RuntimeGrid:None EditorOnly:0 RuntimeOnly:0 HLODRelevant:1 FolderPath:Cylinder FolderGuid:ECA4956E419DA4E5BAB7F389537BCB14
 |   |   |- Guid:5A222B0A44F379579B6C10B3498582C9 BaseClass:/Game/ThirdPerson/Blueprints/Equipamiento/Zona_Expulsion.Zona_Expulsion_C NativeClass:/Script/Engine.Actor Name:Zona_Expulsion_C_UAID_842AFD18CF5BFEDE01_1344304295 Label:Zona_Expulsion SpatiallyLoaded:1 Bounds:IsValid=true, Min=(X=-323.196 Y=1203.706 Z=-2.480), Max=(X=715.204 Y=1532.134 Z=86.480) RuntimeGrid:None EditorOnly:0 RuntimeOnly:0 HLODRelevant:0
 |   |   |- Guid:5C7C5C40408F48C386D06CA03AB130C2 BaseClass: NativeClass:/Script/Engine.StaticMeshActor Name:StaticMeshActor_UAID_A4AE111137DC5EFB00_1594956423 Label:SM_SkySphere SpatiallyLoaded:0 Bounds:IsValid=true, Min=(X=-1638400.000 Y=-1638400.000 Z=-1638400.000), Max=(X=1638400.000 Y=1638400.000 Z=1638400.000) RuntimeGrid:None EditorOnly:0 RuntimeOnly:0 HLODRelevant:1 FolderPath:Lighting FolderGuid:08A10B054C95868C663DE39EE4343813
 |   |   |- Guid:67C25C7845317991B1031F9F8979E2C8 BaseClass:/Game/ThirdPerson/Blueprints/Equipamiento/Cerradura.Cerradura_C NativeClass:/Script/Engine.Actor Name:Cerradura_C_UAID_842AFD18CF5B58DD01_1459727023 Label:Cerradura SpatiallyLoaded:1 Bounds:IsValid=true, Min=(X=1014.527 Y=-12.800 Z=92.785), Max=(X=1040.127 Y=12.800 Z=118.385) RuntimeGrid:None EditorOnly:0 RuntimeOnly:0 HLODRelevant:1
 |   |   |- Guid:69FB3AB746605B03DFFE2BA5BFB3ECDD BaseClass:/Game/ThirdPerson/Blueprints/Equipamiento/Zona_Colocacion_3.Zona_Colocacion_3_C NativeClass:/Script/Engine.Actor Name:Zona_Colocacion_3_C_UAID_842AFD18CF5B09DF01_1671074233 Label:Zona_Colocacion_3 SpatiallyLoaded:1 Bounds:IsValid=true, Min=(X=-111.213 Y=1053.664 Z=23.808), Max=(X=6.787 Y=1142.429 Z=246.208) RuntimeGrid:None EditorOnly:0 RuntimeOnly:0 HLODRelevant:0
 |   |   |- Guid:6A04BE084F0C0AB4D311B9B6BC32E94A BaseClass:/Game/ThirdPerson/Blueprints/Equipamiento/Cerradura.Cerradura_C NativeClass:/Script/Engine.Actor Name:Cerradura_C_UAID_842AFD18CF5B5BDD01_1118899554 Label:Cerradura2 SpatiallyLoaded:1 Bounds:IsValid=true, Min=(X=1116.843 Y=-12.800 Z=92.785), Max=(X=1142.443 Y=12.800 Z=118.385) RuntimeGrid:None EditorOnly:0 RuntimeOnly:0 HLODRelevant:1
 |   |   |- Guid:6E898C12462E76365317F584DB027DD1 BaseClass:/Game/ThirdPerson/Blueprints/Equipamiento/Llave_3.Llave_3_C NativeClass:/Script/Engine.Actor Name:Llave_3_C_UAID_842AFD18CF5B5BDD01_1134901557 Label:Llave_3 SpatiallyLoaded:1 Bounds:IsValid=true, Min=(X=1742.530 Y=403.121 Z=86.386), Max=(X=1819.650 Y=480.241 Z=163.506) RuntimeGrid:None EditorOnly:0 RuntimeOnly:0 HLODRelevant:0
 |   |   |- Guid:723128A2477074C68D9A5EA484DF76A8 BaseClass: NativeClass:/Script/Engine.StaticMeshActor Name:StaticMeshActor_46 Label:SM_Cube9 SpatiallyLoaded:1 Bounds:IsValid=true, Min=(X=1800.000 Y=1500.000 Z=0.000), Max=(X=2000.000 Y=2200.000 Z=100.000) RuntimeGrid:None EditorOnly:0 RuntimeOnly:0 HLODRelevant:1 FolderPath:Block01 FolderGuid:98087B8444A89373CC4763B3845E270A
 |   |   |- Guid:74BF7CE044C64C17623504A584D5D8E1 BaseClass:/Game/ThirdPerson/Blueprints/Equipamiento/Objecto.Objecto_C NativeClass:/Script/Engine.Actor Name:Objecto_C_UAID_842AFD18CF5B20EC01_1480704007 Label:Objecto SpatiallyLoaded:1 Bounds:IsValid=true, Min=(X=1026.573 Y=1318.206 Z=37.434), Max=(X=1103.693 Y=1402.811 Z=114.554) RuntimeGrid:None EditorOnly:0 RuntimeOnly:0 HLODRelevant:0
 |   |   |- Guid:788903924598EC8109F9709A8AB41C0D BaseClass: NativeClass:/Script/Engine.WorldDataLayers Name:WorldDataLayers Label:WorldDataLayers-1 SpatiallyLoaded:0 Bounds:IsValid=true, Min=(X=0.000 Y=0.000 Z=0.000), Max=(X=0.000 Y=0.000 Z=0.000) RuntimeGrid:None EditorOnly:0 RuntimeOnly:0 HLODRelevant:0
 |   |   |- Guid:78E7D053495260B77F8F60AE69BBD408 BaseClass: NativeClass:/Script/Engine.StaticMeshActor Name:StaticMeshActor_UAID_FC3497BF401161B001_1501759087 Label:SM_ChamferCube4 SpatiallyLoaded:1 Bounds:IsValid=true, Min=(X=751.699 Y=2271.699 Z=0.013), Max=(X=888.301 Y=2408.301 Z=100.013) RuntimeGrid:None EditorOnly:0 RuntimeOnly:0 HLODRelevant:0
 |   |   |- Guid:7902EBD440051866918A91A928376148 BaseClass:/Game/ThirdPerson/Blueprints/Equipamiento/Objecto_4.Objecto_4_C NativeClass:/Script/Engine.Actor Name:Objecto_4_C_UAID_842AFD18CF5B26EC01_1537327065 Label:Objecto_4 SpatiallyLoaded:1 Bounds:IsValid=true, Min=(X=1297.140 Y=1291.512 Z=24.308), Max=(X=1374.260 Y=1368.632 Z=101.428) RuntimeGrid:None EditorOnly:0 RuntimeOnly:0 HLODRelevant:0
 |   |   |- Guid:7F2B66944A2403054FE0DB8F0F40A812 BaseClass:/Game/AI_Advanced/Objects/Mirror/Objeto_Interactuable.Objeto_Interactuable_C NativeClass:/Script/Engine.Actor Name:Objeto_Interactuable_C_UAID_309C237C27DCBEE101_1502466199 Label:Objeto_Interactuable SpatiallyLoaded:1 Bounds:IsValid=true, Min=(X=3309.692 Y=233.512 Z=-15.635), Max=(X=3633.692 Y=7212.791 Z=219.763) RuntimeGrid:None EditorOnly:0 RuntimeOnly:0 HLODRelevant:0
 |   |   |- Guid:830FF81C457CA01C97438B95CD9DF038 BaseClass: NativeClass:/Script/Engine.StaticMeshActor Name:StaticMeshActor_34 Label:SM_ChamferCube SpatiallyLoaded:1 Bounds:IsValid=true, Min=(X=340.557 Y=2145.024 Z=0.013), Max=(X=440.557 Y=2245.024 Z=100.013) RuntimeGrid:None EditorOnly:0 RuntimeOnly:0 HLODRelevant:0
 |   |   |- Guid:84A6C2C04177158166E2439E0CBAE730 BaseClass: NativeClass:/Script/Engine.StaticMeshActor Name:StaticMeshActor_35 Label:SM_Ramp SpatiallyLoaded:1 Bounds:IsValid=true, Min=(X=1300.000 Y=600.000 Z=0.000), Max=(X=1700.000 Y=800.000 Z=30.000) RuntimeGrid:None EditorOnly:0 RuntimeOnly:0 HLODRelevant:1
 |   |   |- Guid:85233D41477A9CEE867002A9730F414F BaseClass:/Game/AI_Advanced/Objects/Interruptor.Interruptor_C NativeClass:/Script/Engine.Actor Name:Interruptor_C_UAID_FC3497BF40115CE301_1504142068 Label:Interruptor5 SpatiallyLoaded:1 Bounds:IsValid=true, Min=(X=252.425 Y=3627.474 Z=22.006), Max=(X=316.425 Y=3691.474 Z=218.006) RuntimeGrid:None EditorOnly:0 RuntimeOnly:0 HLODRelevant:0
 |   |   |- Guid:901C748940C0D4AB214A8B8BF7D39AEC BaseClass: NativeClass:/Script/Engine.StaticMeshActor Name:StaticMeshActor_59 Label:SM_QuarterCylinder12 SpatiallyLoaded:1 Bounds:IsValid=true, Min=(X=2000.000 Y=700.000 Z=0.000), Max=(X=2200.000 Y=900.000 Z=100.000) RuntimeGrid:None EditorOnly:0 RuntimeOnly:0 HLODRelevant:1 FolderPath:Cylinder FolderGuid:ECA4956E419DA4E5BAB7F389537BCB14
 |   |   |- Guid:96C16AF946CFF8929C47A09CAE7CD832 BaseClass: NativeClass:/Script/Engine.StaticMeshActor Name:StaticMeshActor_48 Label:SM_Cube10 SpatiallyLoaded:1 Bounds:IsValid=true, Min=(X=1800.000 Y=2100.000 Z=100.000), Max=(X=2000.000 Y=2200.000 Z=200.000) RuntimeGrid:None EditorOnly:0 RuntimeOnly:0 HLODRelevant:1 FolderPath:Block01 FolderGuid:98087B8444A89373CC4763B3845E270A
 |   |   |- Guid:97625685428ED89E06818B996F1A508E BaseClass: NativeClass:/Script/Engine.StaticMeshActor Name:StaticMeshActor_53 Label:SM_QuarterCylinder3 SpatiallyLoaded:1 Bounds:IsValid=true, Min=(X=1500.000 Y=2200.000 Z=0.000), Max=(X=1600.000 Y=2300.000 Z=200.000) RuntimeGrid:None EditorOnly:0 RuntimeOnly:0 HLODRelevant:1 FolderPath:Block01 FolderGuid:98087B8444A89373CC4763B3845E270A
 |   |   |- Guid:9A8590F64719696F576D32BEA8B1AF88 BaseClass: NativeClass:/Script/Engine.StaticMeshActor Name:StaticMeshActor_50 Label:SM_QuarterCylinder SpatiallyLoaded:1 Bounds:IsValid=true, Min=(X=2500.000 Y=2800.000 Z=0.000), Max=(X=2600.000 Y=2900.000 Z=200.000) RuntimeGrid:None EditorOnly:0 RuntimeOnly:0 HLODRelevant:1 FolderPath:Block02 FolderGuid:5DDF0B274F9C8B2C5DABA1999B167516
 |   |   |- Guid:9CB79A6B423EA22B9F3E1B949C51A73C BaseClass: NativeClass:/Script/NavigationSystem.RecastNavMesh Name:RecastNavMesh_UAID_FC3497BF4011EAB901-Default Label:RecastNavMesh-Default SpatiallyLoaded:0 Bounds:IsValid=true, Min=(X=0.000 Y=0.000 Z=0.000), Max=(X=0.000 Y=0.000 Z=0.000) RuntimeGrid:None EditorOnly:0 RuntimeOnly:0 HLODRelevant:0
 |   |   |- Guid:9FFE6665469AE829D82050A8B1F67178 BaseClass: NativeClass:/Script/Engine.DirectionalLight Name:DirectionalLight_1 Label:DirectionalLight SpatiallyLoaded:0 Bounds:IsValid=true, Min=(X=-1048576.000 Y=-1048576.000 Z=-1048576.000), Max=(X=1048576.000 Y=1048576.000 Z=1048576.000) RuntimeGrid:None EditorOnly:0 RuntimeOnly:0 HLODRelevant:0 FolderPath:Lighting FolderGuid:08A10B054C95868C663DE39EE4343813
 |   |   |- Guid:A25F61BD4F2EE2C7409611810AC3BAD4 BaseClass: NativeClass:/Script/Engine.StaticMeshActor Name:StaticMeshActor_52 Label:SM_Cube12 SpatiallyLoaded:1 Bounds:IsValid=true, Min=(X=2500.000 Y=2700.000 Z=0.000), Max=(X=2600.000 Y=2800.000 Z=200.000) RuntimeGrid:None EditorOnly:0 RuntimeOnly:0 HLODRelevant:1 FolderPath:Block02 FolderGuid:5DDF0B274F9C8B2C5DABA1999B167516
 |   |   |- Guid:A384A96F47543C6686CE4D8731737D50 BaseClass:/Game/AI_Advanced/Objects/Interruptor.Interruptor_C NativeClass:/Script/Engine.Actor Name:Interruptor_C_UAID_FC3497BF40115CE301_1500966067 Label:Interruptor4 SpatiallyLoaded:1 Bounds:IsValid=true, Min=(X=144.138 Y=3627.474 Z=22.006), Max=(X=208.138 Y=3691.474 Z=218.006) RuntimeGrid:None EditorOnly:0 RuntimeOnly:0 HLODRelevant:0
 |   |   |- Guid:A3BD69D44BF14E481B185DADB71943FF BaseClass:/Game/AI_Advanced/Objects/Interruptor.Interruptor_C NativeClass:/Script/Engine.Actor Name:Interruptor_C_UAID_FC3497BF40115CE301_1491051065 Label:Interruptor2 SpatiallyLoaded:1 Bounds:IsValid=true, Min=(X=-53.530 Y=3627.474 Z=22.006), Max=(X=10.470 Y=3691.474 Z=218.006) RuntimeGrid:None EditorOnly:0 RuntimeOnly:0 HLODRelevant:0
 |   |   |- Guid:A59D70C6433E4B4B034DF5AC33E39302 BaseClass:/Game/AI_Advanced/Objects/PhysicsOBJ.PhysicsOBJ_C NativeClass:/Script/Engine.Actor Name:PhysicsOBJ_C_UAID_842AFD18CF5B6FDD01_1591614071 Label:PhysicsOBJ SpatiallyLoaded:1 Bounds:IsValid=true, Min=(X=934.557 Y=366.913 Z=32.625), Max=(X=1034.557 Y=466.913 Z=132.625) RuntimeGrid:None EditorOnly:0 RuntimeOnly:0 HLODRelevant:0
 |   |   |- Guid:A6A36B1440C64A6E0677DD80899BC485 BaseClass:/Game/ThirdPerson/Blueprints/Equipamiento/Objecto_2.Objecto_2_C NativeClass:/Script/Engine.Actor Name:Objecto_2_C_UAID_842AFD18CF5B26EC01_1479587063 Label:Objecto_2 SpatiallyLoaded:1 Bounds:IsValid=true, Min=(X=1044.774 Y=1434.938 Z=122.141), Max=(X=1123.802 Y=1512.058 Z=199.261) RuntimeGrid:None EditorOnly:0 RuntimeOnly:0 HLODRelevant:0
 |   |   |- Guid:A7FB847A4A1DACD12053998C0C82FF9C BaseClass: NativeClass:/Script/Engine.StaticMeshActor Name:StaticMeshActor_55 Label:SM_QuarterCylinder5 SpatiallyLoaded:1 Bounds:IsValid=true, Min=(X=300.000 Y=2800.000 Z=0.000), Max=(X=400.000 Y=2900.000 Z=200.000) RuntimeGrid:None EditorOnly:0 RuntimeOnly:0 HLODRelevant:1 FolderPath:Block03 FolderGuid:8CD3949449A9ED1D3F209CA69A64B60F
 |   |   |- Guid:A85A7AD046A0462D176E6889992C1216 BaseClass: NativeClass:/Script/Engine.PostProcessVolume Name:PostProcessVolume_0 Label:PostProcessVolume SpatiallyLoaded:0 Bounds:IsValid=true, Min=(X=0.000 Y=0.000 Z=400.000), Max=(X=200.000 Y=200.000 Z=600.000) RuntimeGrid:None EditorOnly:0 RuntimeOnly:0 HLODRelevant:0 FolderPath:Lighting FolderGuid:08A10B054C95868C663DE39EE4343813
 |   |   |- Guid:AA857C9F436500D6ED8E03A5806DCE50 BaseClass: NativeClass:/Script/Engine.StaticMeshActor Name:StaticMeshActor_44 Label:SM_Cube7 SpatiallyLoaded:1 Bounds:IsValid=true, Min=(X=1300.000 Y=2200.000 Z=0.000), Max=(X=1500.000 Y=2300.000 Z=200.000) RuntimeGrid:None EditorOnly:0 RuntimeOnly:0 HLODRelevant:1 FolderPath:Block01 FolderGuid:98087B8444A89373CC4763B3845E270A
 |   |   |- Guid:AE8AA01A4DE576B371C05FA79B282659 BaseClass: NativeClass:/Script/Engine.StaticMeshActor Name:StaticMeshActor_40 Label:SM_ChamferCube2 SpatiallyLoaded:1 Bounds:IsValid=true, Min=(X=992.077 Y=2692.077 Z=0.013), Max=(X=1107.923 Y=2807.923 Z=100.013) RuntimeGrid:None EditorOnly:0 RuntimeOnly:0 HLODRelevant:0
 |   |   |- Guid:AF18D4F243CA9C11F8E608A2999E81FE BaseClass:/Game/ThirdPerson/Blueprints/Equipamiento/Llave_2.Llave_2_C NativeClass:/Script/Engine.Actor Name:Llave_2_C_UAID_842AFD18CF5B5BDD01_1130136556 Label:Llave_2 SpatiallyLoaded:1 Bounds:IsValid=true, Min=(X=1580.290 Y=398.284 Z=49.205), Max=(X=1657.410 Y=475.404 Z=126.325) RuntimeGrid:None EditorOnly:0 RuntimeOnly:0 HLODRelevant:0
 |   |   |- Guid:B23C247D4E34A96052E563A19E79FA75 BaseClass: NativeClass:/Script/Engine.ExponentialHeightFog Name:ExponentialHeightFog_1 Label:ExponentialHeightFog SpatiallyLoaded:0 Bounds:IsValid=true, Min=(X=-5600.000 Y=-50.000 Z=-6850.000), Max=(X=-5600.000 Y=-50.000 Z=-6850.000) RuntimeGrid:None EditorOnly:0 RuntimeOnly:0 HLODRelevant:0 FolderPath:Lighting FolderGuid:08A10B054C95868C663DE39EE4343813
 |   |   |- Guid:B32AA9204E0264DDC96613948794898D BaseClass:/Game/ThirdPerson/Blueprints/Equipamiento/Cerradura.Cerradura_C NativeClass:/Script/Engine.Actor Name:Cerradura_C_UAID_842AFD18CF5B5BDD01_1120949555 Label:Cerradura3 SpatiallyLoaded:1 Bounds:IsValid=true, Min=(X=1217.361 Y=-12.800 Z=92.785), Max=(X=1242.961 Y=12.800 Z=118.385) RuntimeGrid:None EditorOnly:0 RuntimeOnly:0 HLODRelevant:1
 |   |   |- Guid:B9527F18436B4C90019C7C8AF398144B BaseClass: NativeClass:/Script/Engine.StaticMeshActor Name:StaticMeshActor_41 Label:SM_ChamferCube3 SpatiallyLoaded:1 Bounds:IsValid=true, Min=(X=481.699 Y=2271.699 Z=0.013), Max=(X=618.301 Y=2408.301 Z=100.013) RuntimeGrid:None EditorOnly:0 RuntimeOnly:0 HLODRelevant:0
 |   |   |- Guid:BAE7CED0499C77E383D1CB94F338EABA BaseClass:/Game/AI_Advanced/Objects/Objeto_Interactuable.Objeto_Interactuable_C NativeClass:/Script/Engine.Actor Name:Objeto_Interactuable_C_UAID_FC3497BF40115AE301_2110200711 Label:Objeto_Interactuable3 SpatiallyLoaded:1 Bounds:IsValid=true, Min=(X=2447.784 Y=2978.841 Z=-9.381), Max=(X=2771.784 Y=10288.783 Z=226.017) RuntimeGrid:None EditorOnly:0 RuntimeOnly:0 HLODRelevant:0
 |   |   |- Guid:BC42D9B9467E38655AFC6DB667A61ECA BaseClass: NativeClass:/Script/Engine.StaticMeshActor Name:StaticMeshActor_49 Label:SM_Cube11 SpatiallyLoaded:1 Bounds:IsValid=true, Min=(X=400.000 Y=2600.000 Z=0.000), Max=(X=700.000 Y=2900.000 Z=200.000) RuntimeGrid:None EditorOnly:0 RuntimeOnly:0 HLODRelevant:1 FolderPath:Block03 FolderGuid:8CD3949449A9ED1D3F209CA69A64B60F
 |   |   |- Guid:BD430F5245E33ECC56F7628FBABC5D84 BaseClass: NativeClass:/Script/Engine.StaticMeshActor Name:StaticMeshActor_33 Label:SM_Cube SpatiallyLoaded:1 Bounds:IsValid=true, Min=(X=-573.000 Y=-1494.000 Z=-50.000), Max=(X=4427.000 Y=5506.000 Z=0.000) RuntimeGrid:None EditorOnly:0 RuntimeOnly:0 HLODRelevant:1 FolderPath:Playground FolderGuid:8CD33C9A4E75AD59B95486AC740693D6
 |   |   |- Guid:BFB671284CA12B07A4565ABBE4C17B4C BaseClass: NativeClass:/Script/Engine.StaticMeshActor Name:StaticMeshActor_51 Label:SM_QuarterCylinder2 SpatiallyLoaded:1 Bounds:IsValid=true, Min=(X=2500.000 Y=2600.000 Z=0.000), Max=(X=2600.000 Y=2700.000 Z=200.000) RuntimeGrid:None EditorOnly:0 RuntimeOnly:0 HLODRelevant:1 FolderPath:Block02 FolderGuid:5DDF0B274F9C8B2C5DABA1999B167516
 |   |   |- Guid:C3745661448AA5C9402CD4959EA6B919 BaseClass:/Game/ThirdPerson/Blueprints/Equipamiento/Interactuable_4.Interactuable_4_C NativeClass:/Script/Engine.Actor Name:Interactuable_4_C_UAID_842AFD18CF5B1AEC01_1076891952 Label:Interactuable_4 SpatiallyLoaded:1 Bounds:IsValid=true, Min=(X=747.130 Y=1803.002 Z=27.197), Max=(X=824.250 Y=1887.442 Z=104.317) RuntimeGrid:None EditorOnly:0 RuntimeOnly:0 HLODRelevant:0
 |   |   |- Guid:C726A3284B806D4C379405885740B688 BaseClass: NativeClass:/Script/Engine.PlayerStart Name:PlayerStart_0 Label:PlayerStart SpatiallyLoaded:0 Bounds:IsValid=true, Min=(X=34.538 Y=3740.388 Z=0.013), Max=(X=114.538 Y=3820.388 Z=184.013) RuntimeGrid:None EditorOnly:0 RuntimeOnly:0 HLODRelevant:0
 |   |   |- Guid:C752FDB9451B0FA0675D4B9D3E8B12AB BaseClass: NativeClass:/Script/Engine.StaticMeshActor Name:StaticMeshActor_56 Label:SM_Cube13 SpatiallyLoaded:1 Bounds:IsValid=true, Min=(X=300.000 Y=2700.000 Z=0.000), Max=(X=400.000 Y=2800.000 Z=200.000) RuntimeGrid:None EditorOnly:0 RuntimeOnly:0 HLODRelevant:1 FolderPath:Block03 FolderGuid:8CD3949449A9ED1D3F209CA69A64B60F
 |   |   |- Guid:CD5C3BA94D005D0C655A05B0F834AA9A BaseClass:/Game/ThirdPerson/Blueprints/Equipamiento/Interactuable_3.Interactuable_3_C NativeClass:/Script/Engine.Actor Name:Interactuable_3_C_UAID_842AFD18CF5BD5D601_1377821636 Label:Interactuable_6 SpatiallyLoaded:1 Bounds:IsValid=true, Min=(X=770.109 Y=1612.820 Z=24.663), Max=(X=854.220 Y=1689.940 Z=101.783) RuntimeGrid:None EditorOnly:0 RuntimeOnly:0 HLODRelevant:0
 |   |   |- Guid:CE11D6B8473DE7738627628E81F56E36 BaseClass:/Game/ThirdPerson/Blueprints/Equipamiento/Interactuable_2.Interactuable_2_C NativeClass:/Script/Engine.Actor Name:Interactuable_2_C_UAID_842AFD18CF5BD5D601_1594669637 Label:Interactuable_7 SpatiallyLoaded:1 Bounds:IsValid=true, Min=(X=918.482 Y=1614.680 Z=62.868), Max=(X=995.602 Y=1698.651 Z=139.988) RuntimeGrid:None EditorOnly:0 RuntimeOnly:0 HLODRelevant:0
 |   |   |- Guid:D6CAE45C4E23DD1723795E8792894597 BaseClass: NativeClass:/Script/Engine.StaticMeshActor Name:StaticMeshActor_54 Label:SM_QuarterCylinder4 SpatiallyLoaded:1 Bounds:IsValid=true, Min=(X=300.000 Y=2600.000 Z=0.000), Max=(X=400.000 Y=2700.000 Z=200.000) RuntimeGrid:None EditorOnly:0 RuntimeOnly:0 HLODRelevant:1 FolderPath:Block03 FolderGuid:8CD3949449A9ED1D3F209CA69A64B60F
 |   |   |- Guid:E7C88B004DFFF4BE08155AB223A0EF2C BaseClass: NativeClass:/Script/Engine.SkyAtmosphere Name:SkyAtmosphere_1 Label:SkyAtmosphere SpatiallyLoaded:0 Bounds:IsValid=true, Min=(X=0.000 Y=0.000 Z=1020.000), Max=(X=0.000 Y=0.000 Z=1020.000) RuntimeGrid:None EditorOnly:0 RuntimeOnly:0 HLODRelevant:0 FolderPath:Lighting FolderGuid:08A10B054C95868C663DE39EE4343813
 |   |   |- Guid:ED017B4D4F68396AB923FAA6BE9ED0DB BaseClass:/Game/AI_Advanced/Objects/Baldosa.Baldosa_C NativeClass:/Script/Engine.Actor Name:Baldosa_C_UAID_842AFD18CF5B19EC01_1593957775 Label:Baldosa SpatiallyLoaded:1 Bounds:IsValid=true, Min=(X=1127.992 Y=899.096 Z=-1.794), Max=(X=1227.992 Y=999.096 Z=10.706) RuntimeGrid:None EditorOnly:0 RuntimeOnly:0 HLODRelevant:0
 |   |   |- Guid:ED634735430DB9B4198DF4A9A188273B BaseClass: NativeClass:/Script/Engine.StaticMeshActor Name:StaticMeshActor_61 Label:SM_QuarterCylinder14 SpatiallyLoaded:1 Bounds:IsValid=true, Min=(X=2200.000 Y=500.000 Z=0.000), Max=(X=2400.000 Y=700.000 Z=100.000) RuntimeGrid:None EditorOnly:0 RuntimeOnly:0 HLODRelevant:1 FolderPath:Cylinder FolderGuid:ECA4956E419DA4E5BAB7F389537BCB14
 |   |   |- Guid:F1728DBD4470FF46DAA1478D8745586C BaseClass:/Game/ThirdPerson/Blueprints/Equipamiento/Interactuable.Interactuable_C NativeClass:/Script/Engine.Actor Name:Interactuable_C_UAID_842AFD18CF5B77D601_1619895090 Label:Interactuable2 SpatiallyLoaded:1 Bounds:IsValid=true, Min=(X=620.371 Y=1612.453 Z=52.230), Max=(X=697.491 Y=1689.573 Z=129.350) RuntimeGrid:None EditorOnly:0 RuntimeOnly:0 HLODRelevant:0
 |   |   |- Guid:F273828D468DD479CDB07EBF9F6EBA68 BaseClass: NativeClass:/Script/Engine.StaticMeshActor Name:StaticMeshActor_47 Label:SM_Ramp3 SpatiallyLoaded:1 Bounds:IsValid=true, Min=(X=1800.000 Y=1700.000 Z=100.000), Max=(X=2000.000 Y=2100.000 Z=200.000) RuntimeGrid:None EditorOnly:0 RuntimeOnly:0 HLODRelevant:1 FolderPath:Block01 FolderGuid:98087B8444A89373CC4763B3845E270A
 |   |   |- Guid:F38BE76446A458E46C48B2967065270F BaseClass: NativeClass:/Script/Engine.StaticMeshActor Name:StaticMeshActor_UAID_FC3497BF4011C7DC01_1514466505 Label:SM_ChamferCube5 SpatiallyLoaded:1 Bounds:IsValid=true, Min=(X=150.498 Y=2145.024 Z=0.013), Max=(X=250.498 Y=2245.024 Z=100.013) RuntimeGrid:None EditorOnly:0 RuntimeOnly:0 HLODRelevant:0
 |   |   |- Guid:F3C590D94F3702A91FF890AA62288FE8 BaseClass:/Game/Chekpoint/Chekpoint.Chekpoint_C NativeClass:/Script/Engine.Actor Name:Chekpoint_C_UAID_842AFD18CF5B35B901_1646735847 Label:Chekpoint SpatiallyLoaded:1 Bounds:IsValid=true, Min=(X=1288.395 Y=1728.395 Z=128.395), Max=(X=1471.605 Y=1911.605 Z=400.918) RuntimeGrid:None EditorOnly:0 RuntimeOnly:0 HLODRelevant:0
 |   |   |- Guid:FC64536941F7B8BECF5C88BBF4DD5BD3 BaseClass:/Game/AI_Advanced/Objects/Objeto_Interactuable.Objeto_Interactuable_C NativeClass:/Script/Engine.Actor Name:Objeto_Interactuable_C_UAID_FC3497BF4011E2E001_1758548479 Label:Objeto_Interactuable SpatiallyLoaded:1 Bounds:IsValid=true, Min=(X=2945.248 Y=1904.262 Z=-9.381), Max=(X=3269.248 Y=9214.205 Z=226.017) RuntimeGrid:None EditorOnly:0 RuntimeOnly:0 HLODRelevant:0
 |   |- [+] Clusters:
 |   |   |- [+] [  0]
 |   |   |   |- Guid:086BBEB445F7D999CF69AFB0B363ADE6 BaseClass: NativeClass:/Script/Engine.StaticMeshActor Name:StaticMeshActor_UAID_FC3497BF4011F7DE01_1734871063 Label:Mirror_06 SpatiallyLoaded:1 Bounds:IsValid=true, Min=(X=3261.488 Y=2105.714 Z=-0.029), Max=(X=3378.515 Y=2165.257 Z=314.410) RuntimeGrid:None EditorOnly:0 RuntimeOnly:0 HLODRelevant:1
 |   |   |- [+] [  1]
 |   |   |   |- Guid:788903924598EC8109F9709A8AB41C0D BaseClass: NativeClass:/Script/Engine.WorldDataLayers Name:WorldDataLayers Label:WorldDataLayers-1 SpatiallyLoaded:0 Bounds:IsValid=true, Min=(X=0.000 Y=0.000 Z=0.000), Max=(X=0.000 Y=0.000 Z=0.000) RuntimeGrid:None EditorOnly:0 RuntimeOnly:0 HLODRelevant:0
 |   |   |- [+] [  2]
 |   |   |   |- Guid:BC42D9B9467E38655AFC6DB667A61ECA BaseClass: NativeClass:/Script/Engine.StaticMeshActor Name:StaticMeshActor_49 Label:SM_Cube11 SpatiallyLoaded:1 Bounds:IsValid=true, Min=(X=400.000 Y=2600.000 Z=0.000), Max=(X=700.000 Y=2900.000 Z=200.000) RuntimeGrid:None EditorOnly:0 RuntimeOnly:0 HLODRelevant:1 FolderPath:Block03 FolderGuid:8CD3949449A9ED1D3F209CA69A64B60F
 |   |   |- [+] [  3]
 |   |   |   |- Guid:67C25C7845317991B1031F9F8979E2C8 BaseClass:/Game/ThirdPerson/Blueprints/Equipamiento/Cerradura.Cerradura_C NativeClass:/Script/Engine.Actor Name:Cerradura_C_UAID_842AFD18CF5B58DD01_1459727023 Label:Cerradura SpatiallyLoaded:1 Bounds:IsValid=true, Min=(X=1014.527 Y=-12.800 Z=92.785), Max=(X=1040.127 Y=12.800 Z=118.385) RuntimeGrid:None EditorOnly:0 RuntimeOnly:0 HLODRelevant:1
 |   |   |- [+] [  4]
 |   |   |   |- Guid:243A2084428544D88534E990D8BA5B83 BaseClass: NativeClass:/Script/Engine.StaticMeshActor Name:StaticMeshActor_38 Label:SM_Cube4 SpatiallyLoaded:1 Bounds:IsValid=true, Min=(X=1200.000 Y=1700.000 Z=0.000), Max=(X=1800.000 Y=2200.000 Z=200.000) RuntimeGrid:None EditorOnly:0 RuntimeOnly:0 HLODRelevant:1 FolderPath:Block01 FolderGuid:98087B8444A89373CC4763B3845E270A
 |   |   |- [+] [  5]
 |   |   |   |- Guid:22043D904138D0E50DB05FB74FCA2289 BaseClass: NativeClass:/Script/Engine.StaticMeshActor Name:StaticMeshActor_60 Label:SM_QuarterCylinder13 SpatiallyLoaded:1 Bounds:IsValid=true, Min=(X=2000.000 Y=500.000 Z=0.000), Max=(X=2200.000 Y=700.000 Z=100.000) RuntimeGrid:None EditorOnly:0 RuntimeOnly:0 HLODRelevant:1 FolderPath:Cylinder FolderGuid:ECA4956E419DA4E5BAB7F389537BCB14
 |   |   |- [+] [  6]
 |   |   |   |- Guid:F1728DBD4470FF46DAA1478D8745586C BaseClass:/Game/ThirdPerson/Blueprints/Equipamiento/Interactuable.Interactuable_C NativeClass:/Script/Engine.Actor Name:Interactuable_C_UAID_842AFD18CF5B77D601_1619895090 Label:Interactuable2 SpatiallyLoaded:1 Bounds:IsValid=true, Min=(X=620.371 Y=1612.453 Z=52.230), Max=(X=697.491 Y=1689.573 Z=129.350) RuntimeGrid:None EditorOnly:0 RuntimeOnly:0 HLODRelevant:0
 |   |   |- [+] [  7]
 |   |   |   |- Guid:901C748940C0D4AB214A8B8BF7D39AEC BaseClass: NativeClass:/Script/Engine.StaticMeshActor Name:StaticMeshActor_59 Label:SM_QuarterCylinder12 SpatiallyLoaded:1 Bounds:IsValid=true, Min=(X=2000.000 Y=700.000 Z=0.000), Max=(X=2200.000 Y=900.000 Z=100.000) RuntimeGrid:None EditorOnly:0 RuntimeOnly:0 HLODRelevant:1 FolderPath:Cylinder FolderGuid:ECA4956E419DA4E5BAB7F389537BCB14
 |   |   |- [+] [  8]
 |   |   |   |- Guid:A85A7AD046A0462D176E6889992C1216 BaseClass: NativeClass:/Script/Engine.PostProcessVolume Name:PostProcessVolume_0 Label:PostProcessVolume SpatiallyLoaded:0 Bounds:IsValid=true, Min=(X=0.000 Y=0.000 Z=400.000), Max=(X=200.000 Y=200.000 Z=600.000) RuntimeGrid:None EditorOnly:0 RuntimeOnly:0 HLODRelevant:0 FolderPath:Lighting FolderGuid:08A10B054C95868C663DE39EE4343813
 |   |   |- [+] [  9]
 |   |   |   |- Guid:9FFE6665469AE829D82050A8B1F67178 BaseClass: NativeClass:/Script/Engine.DirectionalLight Name:DirectionalLight_1 Label:DirectionalLight SpatiallyLoaded:0 Bounds:IsValid=true, Min=(X=-1048576.000 Y=-1048576.000 Z=-1048576.000), Max=(X=1048576.000 Y=1048576.000 Z=1048576.000) RuntimeGrid:None EditorOnly:0 RuntimeOnly:0 HLODRelevant:0 FolderPath:Lighting FolderGuid:08A10B054C95868C663DE39EE4343813
 |   |   |- [+] [ 10]
 |   |   |   |- Guid:B9527F18436B4C90019C7C8AF398144B BaseClass: NativeClass:/Script/Engine.StaticMeshActor Name:StaticMeshActor_41 Label:SM_ChamferCube3 SpatiallyLoaded:1 Bounds:IsValid=true, Min=(X=481.699 Y=2271.699 Z=0.013), Max=(X=618.301 Y=2408.301 Z=100.013) RuntimeGrid:None EditorOnly:0 RuntimeOnly:0 HLODRelevant:0
 |   |   |- [+] [ 11]
 |   |   |   |- Guid:AE8AA01A4DE576B371C05FA79B282659 BaseClass: NativeClass:/Script/Engine.StaticMeshActor Name:StaticMeshActor_40 Label:SM_ChamferCube2 SpatiallyLoaded:1 Bounds:IsValid=true, Min=(X=992.077 Y=2692.077 Z=0.013), Max=(X=1107.923 Y=2807.923 Z=100.013) RuntimeGrid:None EditorOnly:0 RuntimeOnly:0 HLODRelevant:0
 |   |   |- [+] [ 12]
 |   |   |   |- Guid:7F2B66944A2403054FE0DB8F0F40A812 BaseClass:/Game/AI_Advanced/Objects/Mirror/Objeto_Interactuable.Objeto_Interactuable_C NativeClass:/Script/Engine.Actor Name:Objeto_Interactuable_C_UAID_309C237C27DCBEE101_1502466199 Label:Objeto_Interactuable SpatiallyLoaded:1 Bounds:IsValid=true, Min=(X=3309.692 Y=233.512 Z=-15.635), Max=(X=3633.692 Y=7212.791 Z=219.763) RuntimeGrid:None EditorOnly:0 RuntimeOnly:0 HLODRelevant:0
 |   |   |- [+] [ 13]
 |   |   |   |- Guid:4F7B735A44E12B4B031927A9FC21C460 BaseClass: NativeClass:/Script/Engine.VolumetricCloud Name:VolumetricCloud_1 Label:VolumetricCloud SpatiallyLoaded:0 Bounds:IsValid=true, Min=(X=0.000 Y=0.000 Z=820.000), Max=(X=0.000 Y=0.000 Z=820.000) RuntimeGrid:None EditorOnly:0 RuntimeOnly:0 HLODRelevant:0 FolderPath:Lighting FolderGuid:08A10B054C95868C663DE39EE4343813
 |   |   |- [+] [ 14]
 |   |   |   |- Guid:3E0D0C7A4D8FFA7CE31DB8AA2B2D1292 BaseClass: NativeClass:/Script/Engine.StaticMeshActor Name:StaticMeshActor_57 Label:SM_QuarterCylinder6 SpatiallyLoaded:1 Bounds:IsValid=true, Min=(X=1200.000 Y=2200.000 Z=0.000), Max=(X=1300.000 Y=2300.000 Z=200.000) RuntimeGrid:None EditorOnly:0 RuntimeOnly:0 HLODRelevant:1 FolderPath:Block01 FolderGuid:98087B8444A89373CC4763B3845E270A
 |   |   |- [+] [ 15]
 |   |   |   |- Guid:B32AA9204E0264DDC96613948794898D BaseClass:/Game/ThirdPerson/Blueprints/Equipamiento/Cerradura.Cerradura_C NativeClass:/Script/Engine.Actor Name:Cerradura_C_UAID_842AFD18CF5B5BDD01_1120949555 Label:Cerradura3 SpatiallyLoaded:1 Bounds:IsValid=true, Min=(X=1217.361 Y=-12.800 Z=92.785), Max=(X=1242.961 Y=12.800 Z=118.385) RuntimeGrid:None EditorOnly:0 RuntimeOnly:0 HLODRelevant:1
 |   |   |- [+] [ 16]
 |   |   |   |- Guid:A384A96F47543C6686CE4D8731737D50 BaseClass:/Game/AI_Advanced/Objects/Interruptor.Interruptor_C NativeClass:/Script/Engine.Actor Name:Interruptor_C_UAID_FC3497BF40115CE301_1500966067 Label:Interruptor4 SpatiallyLoaded:1 Bounds:IsValid=true, Min=(X=144.138 Y=3627.474 Z=22.006), Max=(X=208.138 Y=3691.474 Z=218.006) RuntimeGrid:None EditorOnly:0 RuntimeOnly:0 HLODRelevant:0
 |   |   |- [+] [ 17]
 |   |   |   |- Guid:A25F61BD4F2EE2C7409611810AC3BAD4 BaseClass: NativeClass:/Script/Engine.StaticMeshActor Name:StaticMeshActor_52 Label:SM_Cube12 SpatiallyLoaded:1 Bounds:IsValid=true, Min=(X=2500.000 Y=2700.000 Z=0.000), Max=(X=2600.000 Y=2800.000 Z=200.000) RuntimeGrid:None EditorOnly:0 RuntimeOnly:0 HLODRelevant:1 FolderPath:Block02 FolderGuid:5DDF0B274F9C8B2C5DABA1999B167516
 |   |   |- [+] [ 18]
 |   |   |   |- Guid:129A98C441CDB5EC8A01E68EA2A36CF3 BaseClass:/Game/AI_Advanced/Objects/Interruptor.Interruptor_C NativeClass:/Script/Engine.Actor Name:Interruptor_C_UAID_FC3497BF40115CE301_1474276064 Label:Interruptor SpatiallyLoaded:1 Bounds:IsValid=true, Min=(X=-146.829 Y=3627.474 Z=22.006), Max=(X=-82.829 Y=3691.474 Z=218.006) RuntimeGrid:None EditorOnly:0 RuntimeOnly:0 HLODRelevant:0
 |   |   |- [+] [ 19]
 |   |   |   |- Guid:A3BD69D44BF14E481B185DADB71943FF BaseClass:/Game/AI_Advanced/Objects/Interruptor.Interruptor_C NativeClass:/Script/Engine.Actor Name:Interruptor_C_UAID_FC3497BF40115CE301_1491051065 Label:Interruptor2 SpatiallyLoaded:1 Bounds:IsValid=true, Min=(X=-53.530 Y=3627.474 Z=22.006), Max=(X=10.470 Y=3691.474 Z=218.006) RuntimeGrid:None EditorOnly:0 RuntimeOnly:0 HLODRelevant:0
 |   |   |- [+] [ 20]
 |   |   |   |- Guid:5C7C5C40408F48C386D06CA03AB130C2 BaseClass: NativeClass:/Script/Engine.StaticMeshActor Name:StaticMeshActor_UAID_A4AE111137DC5EFB00_1594956423 Label:SM_SkySphere SpatiallyLoaded:0 Bounds:IsValid=true, Min=(X=-1638400.000 Y=-1638400.000 Z=-1638400.000), Max=(X=1638400.000 Y=1638400.000 Z=1638400.000) RuntimeGrid:None EditorOnly:0 RuntimeOnly:0 HLODRelevant:1 FolderPath:Lighting FolderGuid:08A10B054C95868C663DE39EE4343813
 |   |   |- [+] [ 21]
 |   |   |   |- Guid:830FF81C457CA01C97438B95CD9DF038 BaseClass: NativeClass:/Script/Engine.StaticMeshActor Name:StaticMeshActor_34 Label:SM_ChamferCube SpatiallyLoaded:1 Bounds:IsValid=true, Min=(X=340.557 Y=2145.024 Z=0.013), Max=(X=440.557 Y=2245.024 Z=100.013) RuntimeGrid:None EditorOnly:0 RuntimeOnly:0 HLODRelevant:0
 |   |   |- [+] [ 22]
 |   |   |   |- Guid:5A222B0A44F379579B6C10B3498582C9 BaseClass:/Game/ThirdPerson/Blueprints/Equipamiento/Zona_Expulsion.Zona_Expulsion_C NativeClass:/Script/Engine.Actor Name:Zona_Expulsion_C_UAID_842AFD18CF5BFEDE01_1344304295 Label:Zona_Expulsion SpatiallyLoaded:1 Bounds:IsValid=true, Min=(X=-323.196 Y=1203.706 Z=-2.480), Max=(X=715.204 Y=1532.134 Z=86.480) RuntimeGrid:None EditorOnly:0 RuntimeOnly:0 HLODRelevant:0
 |   |   |- [+] [ 23]
 |   |   |   |- Guid:78E7D053495260B77F8F60AE69BBD408 BaseClass: NativeClass:/Script/Engine.StaticMeshActor Name:StaticMeshActor_UAID_FC3497BF401161B001_1501759087 Label:SM_ChamferCube4 SpatiallyLoaded:1 Bounds:IsValid=true, Min=(X=751.699 Y=2271.699 Z=0.013), Max=(X=888.301 Y=2408.301 Z=100.013) RuntimeGrid:None EditorOnly:0 RuntimeOnly:0 HLODRelevant:0
 |   |   |- [+] [ 24]
 |   |   |   |- Guid:2D30A9C0449226C9094BE8B70C5F55A5 BaseClass:/Game/Chekpoint/Chekpoint.Chekpoint_C NativeClass:/Script/Engine.Actor Name:Chekpoint_C_UAID_842AFD18CF5B3FC501_2100429279 Label:Chekpoint2 SpatiallyLoaded:1 Bounds:IsValid=true, Min=(X=1288.395 Y=2628.395 Z=128.395), Max=(X=1471.605 Y=2811.605 Z=400.918) RuntimeGrid:None EditorOnly:0 RuntimeOnly:0 HLODRelevant:0
 |   |   |- [+] [ 25]
 |   |   |   |- Guid:2CB7A8044242457B47EB0E84C46F8161 BaseClass:/Game/ThirdPerson/Blueprints/Equipamiento/Zona_Colocacion.Zona_Colocacion_C NativeClass:/Script/Engine.Actor Name:Zona_Colocacion_C_UAID_842AFD18CF5BD4D601_1608882456 Label:Zona_Colocacion_1 SpatiallyLoaded:1 Bounds:IsValid=true, Min=(X=307.000 Y=1061.400 Z=23.808), Max=(X=425.000 Y=1150.164 Z=246.208) RuntimeGrid:None EditorOnly:0 RuntimeOnly:0 HLODRelevant:0
 |   |   |- [+] [ 26]
 |   |   |   |- Guid:4B67CB22406A4776F6FC78BED35ABA22 BaseClass:/Game/ThirdPerson/Blueprints/Equipamiento/Llave.Llave_C NativeClass:/Script/Engine.Actor Name:Llave_C_UAID_842AFD18CF5B16DD01_1983642407 Label:Llave SpatiallyLoaded:1 Bounds:IsValid=true, Min=(X=1449.305 Y=399.707 Z=52.520), Max=(X=1526.425 Y=476.827 Z=129.640) RuntimeGrid:None EditorOnly:0 RuntimeOnly:0 HLODRelevant:0
 |   |   |- [+] [ 27]
 |   |   |   |- Guid:FC64536941F7B8BECF5C88BBF4DD5BD3 BaseClass:/Game/AI_Advanced/Objects/Objeto_Interactuable.Objeto_Interactuable_C NativeClass:/Script/Engine.Actor Name:Objeto_Interactuable_C_UAID_FC3497BF4011E2E001_1758548479 Label:Objeto_Interactuable SpatiallyLoaded:1 Bounds:IsValid=true, Min=(X=2945.248 Y=1904.262 Z=-9.381), Max=(X=3269.248 Y=9214.205 Z=226.017) RuntimeGrid:None EditorOnly:0 RuntimeOnly:0 HLODRelevant:0
 |   |   |- [+] [ 28]
 |   |   |   |- Guid:0ACF7F30451B6DFE515F329701BAF4E0 BaseClass:/Game/AI_Advanced/Objects/Objeto_Interactuable.Objeto_Interactuable_C NativeClass:/Script/Engine.Actor Name:Objeto_Interactuable_C_UAID_FC3497BF401130E101_1559787207 Label:Objeto_Interactuable2 SpatiallyLoaded:1 Bounds:IsValid=true, Min=(X=3789.945 Y=2383.427 Z=-9.381), Max=(X=4113.945 Y=9693.369 Z=226.017) RuntimeGrid:None EditorOnly:0 RuntimeOnly:0 HLODRelevant:0
 |   |   |- [+] [ 29]
 |   |   |   |- Guid:4F30F72E4264B47FCE6AAB96DACD663F BaseClass:/Game/AI_Advanced/Objects/Interruptor.Interruptor_C NativeClass:/Script/Engine.Actor Name:Interruptor_C_UAID_FC3497BF40115CE301_1494388066 Label:Interruptor3 SpatiallyLoaded:1 Bounds:IsValid=true, Min=(X=39.744 Y=3627.474 Z=22.006), Max=(X=103.744 Y=3691.474 Z=218.006) RuntimeGrid:None EditorOnly:0 RuntimeOnly:0 HLODRelevant:0
 |   |   |- [+] [ 30]
 |   |   |   |- Guid:97625685428ED89E06818B996F1A508E BaseClass: NativeClass:/Script/Engine.StaticMeshActor Name:StaticMeshActor_53 Label:SM_QuarterCylinder3 SpatiallyLoaded:1 Bounds:IsValid=true, Min=(X=1500.000 Y=2200.000 Z=0.000), Max=(X=1600.000 Y=2300.000 Z=200.000) RuntimeGrid:None EditorOnly:0 RuntimeOnly:0 HLODRelevant:1 FolderPath:Block01 FolderGuid:98087B8444A89373CC4763B3845E270A
 |   |   |- [+] [ 31]
 |   |   |   |- Guid:AA857C9F436500D6ED8E03A5806DCE50 BaseClass: NativeClass:/Script/Engine.StaticMeshActor Name:StaticMeshActor_44 Label:SM_Cube7 SpatiallyLoaded:1 Bounds:IsValid=true, Min=(X=1300.000 Y=2200.000 Z=0.000), Max=(X=1500.000 Y=2300.000 Z=200.000) RuntimeGrid:None EditorOnly:0 RuntimeOnly:0 HLODRelevant:1 FolderPath:Block01 FolderGuid:98087B8444A89373CC4763B3845E270A
 |   |   |- [+] [ 32]
 |   |   |   |- Guid:BD430F5245E33ECC56F7628FBABC5D84 BaseClass: NativeClass:/Script/Engine.StaticMeshActor Name:StaticMeshActor_33 Label:SM_Cube SpatiallyLoaded:1 Bounds:IsValid=true, Min=(X=-573.000 Y=-1494.000 Z=-50.000), Max=(X=4427.000 Y=5506.000 Z=0.000) RuntimeGrid:None EditorOnly:0 RuntimeOnly:0 HLODRelevant:1 FolderPath:Playground FolderGuid:8CD33C9A4E75AD59B95486AC740693D6
 |   |   |- [+] [ 33]
 |   |   |   |- Guid:84A6C2C04177158166E2439E0CBAE730 BaseClass: NativeClass:/Script/Engine.StaticMeshActor Name:StaticMeshActor_35 Label:SM_Ramp SpatiallyLoaded:1 Bounds:IsValid=true, Min=(X=1300.000 Y=600.000 Z=0.000), Max=(X=1700.000 Y=800.000 Z=30.000) RuntimeGrid:None EditorOnly:0 RuntimeOnly:0 HLODRelevant:1
 |   |   |- [+] [ 34]
 |   |   |   |- Guid:174DF71143EA367D14F3838C26CC06DF BaseClass: NativeClass:/Script/Engine.SkyLight Name:SkyLight_0 Label:SkyLight SpatiallyLoaded:0 Bounds:IsValid=true, Min=(X=0.000 Y=0.000 Z=690.000), Max=(X=0.000 Y=0.000 Z=690.000) RuntimeGrid:None EditorOnly:0 RuntimeOnly:0 HLODRelevant:0 FolderPath:Lighting FolderGuid:08A10B054C95868C663DE39EE4343813
 |   |   |- [+] [ 35]
 |   |   |   |- Guid:C752FDB9451B0FA0675D4B9D3E8B12AB BaseClass: NativeClass:/Script/Engine.StaticMeshActor Name:StaticMeshActor_56 Label:SM_Cube13 SpatiallyLoaded:1 Bounds:IsValid=true, Min=(X=300.000 Y=2700.000 Z=0.000), Max=(X=400.000 Y=2800.000 Z=200.000) RuntimeGrid:None EditorOnly:0 RuntimeOnly:0 HLODRelevant:1 FolderPath:Block03 FolderGuid:8CD3949449A9ED1D3F209CA69A64B60F
 |   |   |- [+] [ 36]
 |   |   |   |- Guid:6A04BE084F0C0AB4D311B9B6BC32E94A BaseClass:/Game/ThirdPerson/Blueprints/Equipamiento/Cerradura.Cerradura_C NativeClass:/Script/Engine.Actor Name:Cerradura_C_UAID_842AFD18CF5B5BDD01_1118899554 Label:Cerradura2 SpatiallyLoaded:1 Bounds:IsValid=true, Min=(X=1116.843 Y=-12.800 Z=92.785), Max=(X=1142.443 Y=12.800 Z=118.385) RuntimeGrid:None EditorOnly:0 RuntimeOnly:0 HLODRelevant:1
 |   |   |- [+] [ 37]
 |   |   |   |- Guid:A59D70C6433E4B4B034DF5AC33E39302 BaseClass:/Game/AI_Advanced/Objects/PhysicsOBJ.PhysicsOBJ_C NativeClass:/Script/Engine.Actor Name:PhysicsOBJ_C_UAID_842AFD18CF5B6FDD01_1591614071 Label:PhysicsOBJ SpatiallyLoaded:1 Bounds:IsValid=true, Min=(X=934.557 Y=366.913 Z=32.625), Max=(X=1034.557 Y=466.913 Z=132.625) RuntimeGrid:None EditorOnly:0 RuntimeOnly:0 HLODRelevant:0
 |   |   |- [+] [ 38]
 |   |   |   |- Guid:0832388F41E3F8B306DF278216A3DF88 BaseClass:/Game/ThirdPerson/Blueprints/Equipamiento/Zona_Colocacion_4.Zona_Colocacion_4_C NativeClass:/Script/Engine.Actor Name:Zona_Colocacion_4_C_UAID_842AFD18CF5B2CEC01_1508758119 Label:Zona_Colocacion_4 SpatiallyLoaded:1 Bounds:IsValid=true, Min=(X=-329.418 Y=1038.197 Z=17.771), Max=(X=-211.418 Y=1126.961 Z=240.171) RuntimeGrid:None EditorOnly:0 RuntimeOnly:0 HLODRelevant:0
 |   |   |- [+] [ 39]
 |   |   |   |- Guid:85233D41477A9CEE867002A9730F414F BaseClass:/Game/AI_Advanced/Objects/Interruptor.Interruptor_C NativeClass:/Script/Engine.Actor Name:Interruptor_C_UAID_FC3497BF40115CE301_1504142068 Label:Interruptor5 SpatiallyLoaded:1 Bounds:IsValid=true, Min=(X=252.425 Y=3627.474 Z=22.006), Max=(X=316.425 Y=3691.474 Z=218.006) RuntimeGrid:None EditorOnly:0 RuntimeOnly:0 HLODRelevant:0
 |   |   |- [+] [ 40]
 |   |   |   |- Guid:CE11D6B8473DE7738627628E81F56E36 BaseClass:/Game/ThirdPerson/Blueprints/Equipamiento/Interactuable_2.Interactuable_2_C NativeClass:/Script/Engine.Actor Name:Interactuable_2_C_UAID_842AFD18CF5BD5D601_1594669637 Label:Interactuable_7 SpatiallyLoaded:1 Bounds:IsValid=true, Min=(X=918.482 Y=1614.680 Z=62.868), Max=(X=995.602 Y=1698.651 Z=139.988) RuntimeGrid:None EditorOnly:0 RuntimeOnly:0 HLODRelevant:0
 |   |   |- [+] [ 41]
 |   |   |   |- Guid:A7FB847A4A1DACD12053998C0C82FF9C BaseClass: NativeClass:/Script/Engine.StaticMeshActor Name:StaticMeshActor_55 Label:SM_QuarterCylinder5 SpatiallyLoaded:1 Bounds:IsValid=true, Min=(X=300.000 Y=2800.000 Z=0.000), Max=(X=400.000 Y=2900.000 Z=200.000) RuntimeGrid:None EditorOnly:0 RuntimeOnly:0 HLODRelevant:1 FolderPath:Block03 FolderGuid:8CD3949449A9ED1D3F209CA69A64B60F
 |   |   |- [+] [ 42]
 |   |   |   |- Guid:69FB3AB746605B03DFFE2BA5BFB3ECDD BaseClass:/Game/ThirdPerson/Blueprints/Equipamiento/Zona_Colocacion_3.Zona_Colocacion_3_C NativeClass:/Script/Engine.Actor Name:Zona_Colocacion_3_C_UAID_842AFD18CF5B09DF01_1671074233 Label:Zona_Colocacion_3 SpatiallyLoaded:1 Bounds:IsValid=true, Min=(X=-111.213 Y=1053.664 Z=23.808), Max=(X=6.787 Y=1142.429 Z=246.208) RuntimeGrid:None EditorOnly:0 RuntimeOnly:0 HLODRelevant:0
 |   |   |- [+] [ 43]
 |   |   |   |- Guid:ED017B4D4F68396AB923FAA6BE9ED0DB BaseClass:/Game/AI_Advanced/Objects/Baldosa.Baldosa_C NativeClass:/Script/Engine.Actor Name:Baldosa_C_UAID_842AFD18CF5B19EC01_1593957775 Label:Baldosa SpatiallyLoaded:1 Bounds:IsValid=true, Min=(X=1127.992 Y=899.096 Z=-1.794), Max=(X=1227.992 Y=999.096 Z=10.706) RuntimeGrid:None EditorOnly:0 RuntimeOnly:0 HLODRelevant:0
 |   |   |- [+] [ 44]
 |   |   |   |- Guid:9CB79A6B423EA22B9F3E1B949C51A73C BaseClass: NativeClass:/Script/NavigationSystem.RecastNavMesh Name:RecastNavMesh_UAID_FC3497BF4011EAB901-Default Label:RecastNavMesh-Default SpatiallyLoaded:0 Bounds:IsValid=true, Min=(X=0.000 Y=0.000 Z=0.000), Max=(X=0.000 Y=0.000 Z=0.000) RuntimeGrid:None EditorOnly:0 RuntimeOnly:0 HLODRelevant:0
 |   |   |- [+] [ 45]
 |   |   |   |- Guid:CD5C3BA94D005D0C655A05B0F834AA9A BaseClass:/Game/ThirdPerson/Blueprints/Equipamiento/Interactuable_3.Interactuable_3_C NativeClass:/Script/Engine.Actor Name:Interactuable_3_C_UAID_842AFD18CF5BD5D601_1377821636 Label:Interactuable_6 SpatiallyLoaded:1 Bounds:IsValid=true, Min=(X=770.109 Y=1612.820 Z=24.663), Max=(X=854.220 Y=1689.940 Z=101.783) RuntimeGrid:None EditorOnly:0 RuntimeOnly:0 HLODRelevant:0
 |   |   |- [+] [ 46]
 |   |   |   |- Guid:E7C88B004DFFF4BE08155AB223A0EF2C BaseClass: NativeClass:/Script/Engine.SkyAtmosphere Name:SkyAtmosphere_1 Label:SkyAtmosphere SpatiallyLoaded:0 Bounds:IsValid=true, Min=(X=0.000 Y=0.000 Z=1020.000), Max=(X=0.000 Y=0.000 Z=1020.000) RuntimeGrid:None EditorOnly:0 RuntimeOnly:0 HLODRelevant:0 FolderPath:Lighting FolderGuid:08A10B054C95868C663DE39EE4343813
 |   |   |- [+] [ 47]
 |   |   |   |- Guid:9A8590F64719696F576D32BEA8B1AF88 BaseClass: NativeClass:/Script/Engine.StaticMeshActor Name:StaticMeshActor_50 Label:SM_QuarterCylinder SpatiallyLoaded:1 Bounds:IsValid=true, Min=(X=2500.000 Y=2800.000 Z=0.000), Max=(X=2600.000 Y=2900.000 Z=200.000) RuntimeGrid:None EditorOnly:0 RuntimeOnly:0 HLODRelevant:1 FolderPath:Block02 FolderGuid:5DDF0B274F9C8B2C5DABA1999B167516
 |   |   |- [+] [ 48]
 |   |   |   |- Guid:723128A2477074C68D9A5EA484DF76A8 BaseClass: NativeClass:/Script/Engine.StaticMeshActor Name:StaticMeshActor_46 Label:SM_Cube9 SpatiallyLoaded:1 Bounds:IsValid=true, Min=(X=1800.000 Y=1500.000 Z=0.000), Max=(X=2000.000 Y=2200.000 Z=100.000) RuntimeGrid:None EditorOnly:0 RuntimeOnly:0 HLODRelevant:1 FolderPath:Block01 FolderGuid:98087B8444A89373CC4763B3845E270A
 |   |   |- [+] [ 49]
 |   |   |   |- Guid:ED634735430DB9B4198DF4A9A188273B BaseClass: NativeClass:/Script/Engine.StaticMeshActor Name:StaticMeshActor_61 Label:SM_QuarterCylinder14 SpatiallyLoaded:1 Bounds:IsValid=true, Min=(X=2200.000 Y=500.000 Z=0.000), Max=(X=2400.000 Y=700.000 Z=100.000) RuntimeGrid:None EditorOnly:0 RuntimeOnly:0 HLODRelevant:1 FolderPath:Cylinder FolderGuid:ECA4956E419DA4E5BAB7F389537BCB14
 |   |   |- [+] [ 50]
 |   |   |   |- Guid:BAE7CED0499C77E383D1CB94F338EABA BaseClass:/Game/AI_Advanced/Objects/Objeto_Interactuable.Objeto_Interactuable_C NativeClass:/Script/Engine.Actor Name:Objeto_Interactuable_C_UAID_FC3497BF40115AE301_2110200711 Label:Objeto_Interactuable3 SpatiallyLoaded:1 Bounds:IsValid=true, Min=(X=2447.784 Y=2978.841 Z=-9.381), Max=(X=2771.784 Y=10288.783 Z=226.017) RuntimeGrid:None EditorOnly:0 RuntimeOnly:0 HLODRelevant:0
 |   |   |- [+] [ 51]
 |   |   |   |- Guid:F38BE76446A458E46C48B2967065270F BaseClass: NativeClass:/Script/Engine.StaticMeshActor Name:StaticMeshActor_UAID_FC3497BF4011C7DC01_1514466505 Label:SM_ChamferCube5 SpatiallyLoaded:1 Bounds:IsValid=true, Min=(X=150.498 Y=2145.024 Z=0.013), Max=(X=250.498 Y=2245.024 Z=100.013) RuntimeGrid:None EditorOnly:0 RuntimeOnly:0 HLODRelevant:0
 |   |   |- [+] [ 52]
 |   |   |   |- Guid:7902EBD440051866918A91A928376148 BaseClass:/Game/ThirdPerson/Blueprints/Equipamiento/Objecto_4.Objecto_4_C NativeClass:/Script/Engine.Actor Name:Objecto_4_C_UAID_842AFD18CF5B26EC01_1537327065 Label:Objecto_4 SpatiallyLoaded:1 Bounds:IsValid=true, Min=(X=1297.140 Y=1291.512 Z=24.308), Max=(X=1374.260 Y=1368.632 Z=101.428) RuntimeGrid:None EditorOnly:0 RuntimeOnly:0 HLODRelevant:0
 |   |   |- [+] [ 53]
 |   |   |   |- Guid:017394CF45B3BF2BCF7AB382975F2606 BaseClass: NativeClass:/Script/Engine.StaticMeshActor Name:StaticMeshActor_39 Label:SM_Ramp2 SpatiallyLoaded:1 Bounds:IsValid=true, Min=(X=1400.000 Y=1500.000 Z=0.000), Max=(X=1800.000 Y=1700.000 Z=100.000) RuntimeGrid:None EditorOnly:0 RuntimeOnly:0 HLODRelevant:1 FolderPath:Block01 FolderGuid:98087B8444A89373CC4763B3845E270A
 |   |   |- [+] [ 54]
 |   |   |   |- Guid:1761F83A405F417BCF08B2953E8CA076 BaseClass:/Game/ThirdPerson/Blueprints/Equipamiento/Zona_Colocacion_2.Zona_Colocacion_2_C NativeClass:/Script/Engine.Actor Name:Zona_Colocacion_2_C_UAID_842AFD18CF5B09DF01_1631000232 Label:Zona_Colocacion_2 SpatiallyLoaded:1 Bounds:IsValid=true, Min=(X=94.548 Y=1061.400 Z=23.808), Max=(X=212.548 Y=1150.164 Z=246.208) RuntimeGrid:None EditorOnly:0 RuntimeOnly:0 HLODRelevant:0
 |   |   |- [+] [ 55]
 |   |   |   |- Guid:55BB2E2F4AFA453E1F1285A3ADC7186D BaseClass: NativeClass:/Script/Engine.StaticMeshActor Name:StaticMeshActor_58 Label:SM_QuarterCylinder11 SpatiallyLoaded:1 Bounds:IsValid=true, Min=(X=2200.000 Y=700.000 Z=0.000), Max=(X=2400.000 Y=900.000 Z=100.000) RuntimeGrid:None EditorOnly:0 RuntimeOnly:0 HLODRelevant:1 FolderPath:Cylinder FolderGuid:ECA4956E419DA4E5BAB7F389537BCB14
 |   |   |- [+] [ 56]
 |   |   |   |- Guid:A6A36B1440C64A6E0677DD80899BC485 BaseClass:/Game/ThirdPerson/Blueprints/Equipamiento/Objecto_2.Objecto_2_C NativeClass:/Script/Engine.Actor Name:Objecto_2_C_UAID_842AFD18CF5B26EC01_1479587063 Label:Objecto_2 SpatiallyLoaded:1 Bounds:IsValid=true, Min=(X=1044.774 Y=1434.938 Z=122.141), Max=(X=1123.802 Y=1512.058 Z=199.261) RuntimeGrid:None EditorOnly:0 RuntimeOnly:0 HLODRelevant:0
 |   |   |- [+] [ 57]
 |   |   |   |- Guid:0870CC704F80A8D5DF802EAC5E048723 BaseClass: NativeClass:/Script/Engine.StaticMeshActor Name:StaticMeshActor_45 Label:SM_Cube8 SpatiallyLoaded:1 Bounds:IsValid=true, Min=(X=1300.000 Y=2600.000 Z=0.000), Max=(X=2500.000 Y=2900.000 Z=200.000) RuntimeGrid:None EditorOnly:0 RuntimeOnly:0 HLODRelevant:1 FolderPath:Block02 FolderGuid:5DDF0B274F9C8B2C5DABA1999B167516
 |   |   |- [+] [ 58]
 |   |   |   |- Guid:B23C247D4E34A96052E563A19E79FA75 BaseClass: NativeClass:/Script/Engine.ExponentialHeightFog Name:ExponentialHeightFog_1 Label:ExponentialHeightFog SpatiallyLoaded:0 Bounds:IsValid=true, Min=(X=-5600.000 Y=-50.000 Z=-6850.000), Max=(X=-5600.000 Y=-50.000 Z=-6850.000) RuntimeGrid:None EditorOnly:0 RuntimeOnly:0 HLODRelevant:0 FolderPath:Lighting FolderGuid:08A10B054C95868C663DE39EE4343813
 |   |   |- [+] [ 59]
 |   |   |   |- Guid:2359155244A3AAEBCEAF2A9B648A00AD BaseClass:/Game/ThirdPerson/Blueprints/Equipamiento/PuzlePrueba.PuzlePrueba_C NativeClass:/Script/Engine.Actor Name:PuzlePrueba_C_UAID_842AFD18CF5BB4D601_1137648827 Label:PuzlePrueba SpatiallyLoaded:1 Bounds:IsValid=true, Min=(X=750.740 Y=-57.848 Z=2.471), Max=(X=850.740 Y=6.152 Z=228.380) RuntimeGrid:None EditorOnly:0 RuntimeOnly:0 HLODRelevant:1
 |   |   |- [+] [ 60]
 |   |   |   |- Guid:74BF7CE044C64C17623504A584D5D8E1 BaseClass:/Game/ThirdPerson/Blueprints/Equipamiento/Objecto.Objecto_C NativeClass:/Script/Engine.Actor Name:Objecto_C_UAID_842AFD18CF5B20EC01_1480704007 Label:Objecto SpatiallyLoaded:1 Bounds:IsValid=true, Min=(X=1026.573 Y=1318.206 Z=37.434), Max=(X=1103.693 Y=1402.811 Z=114.554) RuntimeGrid:None EditorOnly:0 RuntimeOnly:0 HLODRelevant:0
 |   |   |- [+] [ 61]
 |   |   |   |- Guid:C726A3284B806D4C379405885740B688 BaseClass: NativeClass:/Script/Engine.PlayerStart Name:PlayerStart_0 Label:PlayerStart SpatiallyLoaded:0 Bounds:IsValid=true, Min=(X=34.538 Y=3740.388 Z=0.013), Max=(X=114.538 Y=3820.388 Z=184.013) RuntimeGrid:None EditorOnly:0 RuntimeOnly:0 HLODRelevant:0
 |   |   |- [+] [ 62]
 |   |   |   |- Guid:D6CAE45C4E23DD1723795E8792894597 BaseClass: NativeClass:/Script/Engine.StaticMeshActor Name:StaticMeshActor_54 Label:SM_QuarterCylinder4 SpatiallyLoaded:1 Bounds:IsValid=true, Min=(X=300.000 Y=2600.000 Z=0.000), Max=(X=400.000 Y=2700.000 Z=200.000) RuntimeGrid:None EditorOnly:0 RuntimeOnly:0 HLODRelevant:1 FolderPath:Block03 FolderGuid:8CD3949449A9ED1D3F209CA69A64B60F
 |   |   |- [+] [ 63]
 |   |   |   |- Guid:BFB671284CA12B07A4565ABBE4C17B4C BaseClass: NativeClass:/Script/Engine.StaticMeshActor Name:StaticMeshActor_51 Label:SM_QuarterCylinder2 SpatiallyLoaded:1 Bounds:IsValid=true, Min=(X=2500.000 Y=2600.000 Z=0.000), Max=(X=2600.000 Y=2700.000 Z=200.000) RuntimeGrid:None EditorOnly:0 RuntimeOnly:0 HLODRelevant:1 FolderPath:Block02 FolderGuid:5DDF0B274F9C8B2C5DABA1999B167516
 |   |   |- [+] [ 64]
 |   |   |   |- Guid:96C16AF946CFF8929C47A09CAE7CD832 BaseClass: NativeClass:/Script/Engine.StaticMeshActor Name:StaticMeshActor_48 Label:SM_Cube10 SpatiallyLoaded:1 Bounds:IsValid=true, Min=(X=1800.000 Y=2100.000 Z=100.000), Max=(X=2000.000 Y=2200.000 Z=200.000) RuntimeGrid:None EditorOnly:0 RuntimeOnly:0 HLODRelevant:1 FolderPath:Block01 FolderGuid:98087B8444A89373CC4763B3845E270A
 |   |   |- [+] [ 65]
 |   |   |   |- Guid:F3C590D94F3702A91FF890AA62288FE8 BaseClass:/Game/Chekpoint/Chekpoint.Chekpoint_C NativeClass:/Script/Engine.Actor Name:Chekpoint_C_UAID_842AFD18CF5B35B901_1646735847 Label:Chekpoint SpatiallyLoaded:1 Bounds:IsValid=true, Min=(X=1288.395 Y=1728.395 Z=128.395), Max=(X=1471.605 Y=1911.605 Z=400.918) RuntimeGrid:None EditorOnly:0 RuntimeOnly:0 HLODRelevant:0
 |   |   |- [+] [ 66]
 |   |   |   |- Guid:22D455054895C810465C8BAF8BD7EFA6 BaseClass:/Game/AI_Advanced/Objects/Mirror/Mirror.Mirror_C NativeClass:/Script/Engine.Actor Name:Mirror_C_UAID_480FCF35BA212DDF01_1828915567 Label:Mirror SpatiallyLoaded:1 Bounds:IsValid=true, Min=(X=-151231.926 Y=1100.375 Z=-39.897), Max=(X=3241300.032 Y=1540.376 Z=462.697) RuntimeGrid:None EditorOnly:0 RuntimeOnly:0 HLODRelevant:0
 |   |   |- [+] [ 67]
 |   |   |   |- Guid:AF18D4F243CA9C11F8E608A2999E81FE BaseClass:/Game/ThirdPerson/Blueprints/Equipamiento/Llave_2.Llave_2_C NativeClass:/Script/Engine.Actor Name:Llave_2_C_UAID_842AFD18CF5B5BDD01_1130136556 Label:Llave_2 SpatiallyLoaded:1 Bounds:IsValid=true, Min=(X=1580.290 Y=398.284 Z=49.205), Max=(X=1657.410 Y=475.404 Z=126.325) RuntimeGrid:None EditorOnly:0 RuntimeOnly:0 HLODRelevant:0
 |   |   |- [+] [ 68]
 |   |   |   |- Guid:C3745661448AA5C9402CD4959EA6B919 BaseClass:/Game/ThirdPerson/Blueprints/Equipamiento/Interactuable_4.Interactuable_4_C NativeClass:/Script/Engine.Actor Name:Interactuable_4_C_UAID_842AFD18CF5B1AEC01_1076891952 Label:Interactuable_4 SpatiallyLoaded:1 Bounds:IsValid=true, Min=(X=747.130 Y=1803.002 Z=27.197), Max=(X=824.250 Y=1887.442 Z=104.317) RuntimeGrid:None EditorOnly:0 RuntimeOnly:0 HLODRelevant:0
 |   |   |- [+] [ 69]
 |   |   |   |- Guid:0CEC348B4B3FDBB3C406E48B114B69BA BaseClass:/Game/ThirdPerson/Blueprints/Equipamiento/Objecto_3.Objecto_3_C NativeClass:/Script/Engine.Actor Name:Objecto_3_C_UAID_842AFD18CF5B26EC01_1499124064 Label:Objecto_3 SpatiallyLoaded:1 Bounds:IsValid=true, Min=(X=924.764 Y=1237.493 Z=25.935), Max=(X=1001.884 Y=1348.018 Z=103.055) RuntimeGrid:None EditorOnly:0 RuntimeOnly:0 HLODRelevant:0
 |   |   |- [+] [ 70]
 |   |   |   |- Guid:F273828D468DD479CDB07EBF9F6EBA68 BaseClass: NativeClass:/Script/Engine.StaticMeshActor Name:StaticMeshActor_47 Label:SM_Ramp3 SpatiallyLoaded:1 Bounds:IsValid=true, Min=(X=1800.000 Y=1700.000 Z=100.000), Max=(X=2000.000 Y=2100.000 Z=200.000) RuntimeGrid:None EditorOnly:0 RuntimeOnly:0 HLODRelevant:1 FolderPath:Block01 FolderGuid:98087B8444A89373CC4763B3845E270A
 |   |   |- [+] [ 71]
 |   |   |   |- Guid:6E898C12462E76365317F584DB027DD1 BaseClass:/Game/ThirdPerson/Blueprints/Equipamiento/Llave_3.Llave_3_C NativeClass:/Script/Engine.Actor Name:Llave_3_C_UAID_842AFD18CF5B5BDD01_1134901557 Label:Llave_3 SpatiallyLoaded:1 Bounds:IsValid=true, Min=(X=1742.530 Y=403.121 Z=86.386), Max=(X=1819.650 Y=480.241 Z=163.506) RuntimeGrid:None EditorOnly:0 RuntimeOnly:0 HLODRelevant:0
 |- ContainerInstances:
 |- [+] MainContainer:
 |   |-        ID: 0x0000000000000000
 |   |-    Bounds: IsValid=false, Min=(X=0.000 Y=0.000 Z=0.000), Max=(X=0.000 Y=0.000 Z=0.000)
 |   |- Transform: 0.000000,0.000000,0.000000|0.000000,0.000000,-0.000000|1.000000,1.000000,1.000000
 |   |- Container: /Game/ThirdPerson/Maps/ThirdPersonMap
----------------------------------------------------------------------------------------------------------------
ThirdPersonMap - Persistent Level
----------------------------------------------------------------------------------------------------------------
Always loaded Actor Count: 88 

----------------------------------------------------------------------------------------------------------------
ThirdPersonMap - Runtime Spatial Hash - Streaming Grid - MainGrid
----------------------------------------------------------------------------------------------------------------
            Origin: X=0.000 Y=0.000 Z=0.000
         Cell Size: 12800
      World Bounds: IsValid=false, Min=(X=0.000 Y=0.000 Z=0.000), Max=(X=0.000 Y=0.000 Z=0.000)
     Loading Range: 25600.00
Block Slow Loading: No
 ClientOnlyVisible: No

[+] Grid Levels: 1
 |- Level  0: Cell Count    0 | Cell Size   12800 | Actor Count    0 (0.0%)

[+] Content of Grid Level 0

